<?xml version="1.0" encoding="UTF-8"?>
<!-- Generated by org.testng.reporters.JUnitXMLReporter -->
<testsuite hostname="MOMIN" ignored="0" name="Default test" tests="3" failures="0" timestamp="19 Mar 2020 12:09:34 GMT" time="15.127" errors="0">
  <testcase name="getCustomerDetails" time="13.882" classname="com.restAssured.RestApi_Auth_Requests"/>
  <testcase name="getMapLongitudeDetails" time="0.852" classname="com.restAssured.RestApi_Auth_Requests"/>
  <testcase name="getPublicUsers" time="0.331" classname="com.restAssured.RestApi_Auth_Requests"/>
</testsuite> <!-- Default test -->
