<?xml version="1.0" encoding="UTF-8"?>
<!-- Generated by org.testng.reporters.JUnitXMLReporter -->
<testsuite hostname="MOMIN" ignored="0" name="Rest Api Test Cases" tests="4" failures="1" timestamp="13 Apr 2020 05:52:08 GMT" time="7.241" errors="0">
  <testcase name="getEmployees" time="3.836" classname="com.restAssured.RestApi_Requests"/>
  <testcase name="createEmployee" time="1.056" classname="com.restAssured.RestApi_Requests">
    <failure type="java.lang.AssertionError" message="expected [404] but found [200]">
      <![CDATA[java.lang.AssertionError: expected [404] but found [200]
at com.restAssured.RestApi_Requests.createEmployee(RestApi_Requests.java:62)
... Removed 31 stack frames]]>
    </failure>
  </testcase> <!-- createEmployee -->
  <testcase name="updateEmployee" time="0.845" classname="com.restAssured.RestApi_Requests"/>
  <testcase name="deleteEmployee" time="0.812" classname="com.restAssured.RestApi_Requests"/>
</testsuite> <!-- Rest Api Test Cases -->
